2022-02-02 17:21:37,473 INFO  CheckFiles - List 6150 files spend time : 17
2022-02-02 17:21:37,520 INFO  CheckFiles - Map 5650 files spend time : 47
2022-02-02 17:21:37,520 INFO  CheckFiles - CPU : 12
2022-02-02 17:38:27,013 INFO  CheckFiles - List 6150 files spend time : 18
2022-02-02 17:38:27,107 INFO  CheckFiles - Map 5650 files and 946 same files spend time : 95
2022-02-02 17:38:27,107 INFO  CheckFiles - CPU : 12
2022-02-02 19:55:45,817 INFO  CheckFiles - List 6150 files spend time : 18
2022-02-02 19:55:45,909 INFO  CheckFiles - Map 5650 files and 946 same files spend time : 92
2022-02-02 19:55:45,909 INFO  CheckFiles - CPU : 12
2022-02-02 19:55:53,523 INFO  CheckFiles - ExecutorService awaitTermination: true
2022-02-02 19:55:53,527 INFO  CheckFiles - Move files spend time : 7618
2022-02-02 19:58:11,921 INFO  CheckFiles - List 5206 files spend time : 14
2022-02-02 19:58:11,995 INFO  CheckFiles - Map 5204 files and 3 same files spend time : 75
2022-02-02 19:58:11,995 INFO  CheckFiles - CPU : 12
2022-02-02 19:58:12,084 INFO  CheckFiles - ExecutorService awaitTermination: true
2022-02-02 19:58:12,085 INFO  CheckFiles - Move files spend time : 90
2022-02-02 19:59:35,321 INFO  CheckFiles - List 6152 files spend time : 17
2022-02-02 19:59:35,414 INFO  CheckFiles - Map 5650 files and 949 same files spend time : 93
2022-02-02 19:59:35,414 INFO  CheckFiles - CPU : 12
2022-02-02 19:59:43,020 INFO  CheckFiles - ExecutorService awaitTermination: true
2022-02-02 19:59:43,020 INFO  CheckFiles - Move files spend time : 7606
2022-02-03 20:58:21,022 INFO  CheckFiles - List 5204 files spend time : 160
2022-02-03 20:58:21,124 INFO  CheckFiles - Map 5204 files and 0 same files spend time : 103
2022-02-03 20:58:21,124 INFO  CheckFiles - CPU : 12
2022-02-03 20:58:21,127 INFO  CheckFiles - ExecutorService awaitTermination: true,Move files spend time : 3
2022-02-04 17:58:47,612 INFO  CheckFiles - source path is D:/picture/WeiXin/
2022-02-04 17:58:47,617 INFO  CheckFiles - target path is D:/picture/temp/
2022-02-04 17:58:47,635 INFO  CheckFiles - List 5204 files spend time : 18
2022-02-04 17:58:47,708 INFO  CheckFiles - Map 5204 files and 0 same files spend time : 73
2022-02-04 17:58:47,709 INFO  CheckFiles - CPU : 12
2022-02-04 17:58:47,712 INFO  CheckFiles - ExecutorService awaitTermination: true, Move files spend time : 4
2022-02-04 18:00:24,304 INFO  CheckFiles - source path is D:/picture/WeiXin/
2022-02-04 18:00:24,305 INFO  CheckFiles - target path is D:/picture/temp/
2022-02-04 18:00:24,320 INFO  CheckFiles - List 5204 files spend time : 15
2022-02-04 18:00:24,392 INFO  CheckFiles - Map 5204 files and 0 same files spend time : 72
2022-02-04 18:00:24,393 INFO  CheckFiles - CPU : 12
2022-02-04 18:00:24,396 INFO  CheckFiles - ExecutorService awaitTermination: true, Move files spend time : 4
2022-02-04 18:01:16,085 INFO  CheckFiles - source path is D:/picture/WeiXin/
2022-02-04 18:01:16,086 INFO  CheckFiles - target path is D:/picture/temp/
2022-02-04 18:01:16,100 INFO  CheckFiles - List 5204 files spend time : 14
2022-02-04 18:01:16,169 INFO  CheckFiles - Map 5204 files and 0 same files spend time : 69
2022-02-04 18:01:16,169 INFO  CheckFiles - CPU : 12
2022-02-04 18:01:16,172 INFO  CheckFiles - ExecutorService awaitTermination: true, Move files spend time : 3
2022-02-04 22:29:57,565 INFO  CheckFiles - source path is D:/picture/Photo/
2022-02-04 22:29:57,566 INFO  CheckFiles - target path is D:/picture/temp/
2022-02-04 22:29:57,572 INFO  CheckFiles - List 2380 files spend time : 6
2022-02-04 22:29:57,657 INFO  CheckFiles - Map 2380 files and 0 same files spend time : 85
2022-02-04 22:29:57,657 INFO  CheckFiles - CPU : 12
2022-02-04 22:29:57,661 INFO  CheckFiles - ExecutorService awaitTermination: true, Move files spend time : 4
2022-02-04 22:31:11,909 INFO  CheckFiles - source path is D:/picture/weibo/
2022-02-04 22:31:11,910 INFO  CheckFiles - target path is D:/picture/temp/
2022-02-04 22:31:11,921 INFO  CheckFiles - List 5564 files spend time : 11
2022-02-04 22:31:12,015 INFO  CheckFiles - Map 5486 files and 155 same files spend time : 94
2022-02-04 22:31:12,015 INFO  CheckFiles - CPU : 12
2022-02-04 22:31:13,322 INFO  CheckFiles - ExecutorService awaitTermination: true, Move files spend time : 1307
2022-02-06 16:09:03,201 INFO  CheckFiles - source path is D:/picture/
2022-02-06 16:09:03,206 INFO  CheckFiles - target path is D:/same_picture/
2022-02-06 16:09:03,893 INFO  CheckFiles - List 16897 files spend time : 687
2022-02-06 16:09:04,217 INFO  CheckFiles - Map 14006 files and 5483 same files spend time : 324
2022-02-06 16:09:04,217 INFO  CheckFiles - CPU : 12
2022-02-06 16:09:17,530 ERROR CheckFiles - D:\picture\0\run\md5.jarFile element in parameter 'null' already exists: 'D:\same_picture\copy_md5.jar'
org.apache.commons.io.FileExistsException: File element in parameter 'null' already exists: 'D:\same_picture\copy_md5.jar'
	at org.apache.commons.io.FileUtils.requireAbsent(FileUtils.java:2587)
	at org.apache.commons.io.FileUtils.moveFile(FileUtils.java:2305)
	at org.apache.commons.io.FileUtils.moveFile(FileUtils.java:2283)
	at CheckFiles.lambda$main$0(CheckFiles.java:73)
	at java.util.concurrent.ThreadPoolExecutor.runWorker(ThreadPoolExecutor.java:1149)
	at java.util.concurrent.ThreadPoolExecutor$Worker.run(ThreadPoolExecutor.java:624)
	at java.lang.Thread.run(Thread.java:748)
2022-02-06 16:09:23,736 ERROR CheckFiles - D:\picture\weibo\65577374454707_avatar.pngFile element in parameter 'null' already exists: 'D:\same_picture\copy_65577374454707_avatar.png'
org.apache.commons.io.FileExistsException: File element in parameter 'null' already exists: 'D:\same_picture\copy_65577374454707_avatar.png'
	at org.apache.commons.io.FileUtils.requireAbsent(FileUtils.java:2587)
	at org.apache.commons.io.FileUtils.moveFile(FileUtils.java:2305)
	at org.apache.commons.io.FileUtils.moveFile(FileUtils.java:2283)
	at CheckFiles.lambda$main$0(CheckFiles.java:73)
	at java.util.concurrent.ThreadPoolExecutor.runWorker(ThreadPoolExecutor.java:1149)
	at java.util.concurrent.ThreadPoolExecutor$Worker.run(ThreadPoolExecutor.java:624)
	at java.lang.Thread.run(Thread.java:748)
2022-02-06 16:09:23,831 ERROR CheckFiles - D:\picture\weibo\run\log\error.logFile element in parameter 'null' already exists: 'D:\same_picture\copy_error.log'
org.apache.commons.io.FileExistsException: File element in parameter 'null' already exists: 'D:\same_picture\copy_error.log'
	at org.apache.commons.io.FileUtils.requireAbsent(FileUtils.java:2587)
	at org.apache.commons.io.FileUtils.moveFile(FileUtils.java:2305)
	at org.apache.commons.io.FileUtils.moveFile(FileUtils.java:2283)
	at CheckFiles.lambda$main$0(CheckFiles.java:73)
	at java.util.concurrent.ThreadPoolExecutor.runWorker(ThreadPoolExecutor.java:1149)
	at java.util.concurrent.ThreadPoolExecutor$Worker.run(ThreadPoolExecutor.java:624)
	at java.lang.Thread.run(Thread.java:748)
2022-02-06 16:09:29,024 ERROR CheckFiles - D:\picture\0\3258607896364787_avatar.pngFile element in parameter 'null' already exists: 'D:\same_picture\copy_3258607896364787_avatar.png'
org.apache.commons.io.FileExistsException: File element in parameter 'null' already exists: 'D:\same_picture\copy_3258607896364787_avatar.png'
	at org.apache.commons.io.FileUtils.requireAbsent(FileUtils.java:2587)
	at org.apache.commons.io.FileUtils.moveFile(FileUtils.java:2305)
	at org.apache.commons.io.FileUtils.moveFile(FileUtils.java:2283)
	at CheckFiles.lambda$main$0(CheckFiles.java:73)
	at java.util.concurrent.ThreadPoolExecutor.runWorker(ThreadPoolExecutor.java:1149)
	at java.util.concurrent.ThreadPoolExecutor$Worker.run(ThreadPoolExecutor.java:624)
	at java.lang.Thread.run(Thread.java:748)
2022-02-06 16:14:29,345 INFO  CheckFiles - source path is D:/picture/
2022-02-06 16:14:29,346 INFO  CheckFiles - target path is D:/same_picture/
2022-02-06 16:14:29,789 INFO  CheckFiles - List 12272 files spend time : 443
2022-02-06 16:14:29,955 INFO  CheckFiles - Map 12201 files and 142 same files spend time : 166
2022-02-06 16:14:29,955 INFO  CheckFiles - CPU : 12
2022-02-06 16:14:30,815 INFO  CheckFiles - ExecutorService awaitTermination: true, Move files spend time : 860
